[INFO  - 2017-05-25T16:08:42.864Z] GhostDriver - Main - running on port 50095
[INFO  - 2017-05-25T16:08:43.724Z] Session [6cdf0660-4164-11e7-8959-959b10762a41] - page.settings - {"XSSAuditingEnabled":false,"javascriptCanCloseWindows":true,"javascriptCanOpenWindows":true,"javascriptEnabled":true,"loadImages":true,"localToRemoteUrlAccessEnabled":false,"userAgent":"Mozilla/5.0 (Unknown; Linux x86_64) AppleWebKit/538.1 (KHTML, like Gecko) PhantomJS/2.1.1 Safari/538.1","webSecurityEnabled":true}
[INFO  - 2017-05-25T16:08:43.724Z] Session [6cdf0660-4164-11e7-8959-959b10762a41] - page.customHeaders:  - {}
[INFO  - 2017-05-25T16:08:43.724Z] Session [6cdf0660-4164-11e7-8959-959b10762a41] - Session.negotiatedCapabilities - {"browserName":"phantomjs","version":"2.1.1","driverName":"ghostdriver","driverVersion":"1.2.0","platform":"linux-unknown-64bit","javascriptEnabled":true,"takesScreenshot":true,"handlesAlerts":false,"databaseEnabled":false,"locationContextEnabled":false,"applicationCacheEnabled":false,"browserConnectionEnabled":false,"cssSelectorsEnabled":true,"webStorageEnabled":false,"rotatable":false,"acceptSslCerts":false,"nativeEvents":true,"proxy":{"proxyType":"direct"}}
[INFO  - 2017-05-25T16:08:43.724Z] SessionManagerReqHand - _postNewSessionCommand - New Session Created: 6cdf0660-4164-11e7-8959-959b10762a41
[ERROR - 2017-05-25T16:08:51.797Z] Session [6cdf0660-4164-11e7-8959-959b10762a41] - page.onError - msg: TypeError: undefined is not a function (evaluating 'Math.log1p(max)')

  phantomjs://platform/console++.js:263 in error
[ERROR - 2017-05-25T16:08:51.798Z] Session [6cdf0660-4164-11e7-8959-959b10762a41] - page.onError - stack:
  capturegraph_scale_is_required (https://web-beta.archive.org/static/js/graph-calc.js?v=1494891701.0:41)
  sparkline (https://web-beta.archive.org/static/js/graph-calc.js?v=1494891701.0:78)
  (anonymous function) (https://web-beta.archive.org/static/js/toolbar.js?v=1494891701.0:161)
  onreadystatechange (https://web-beta.archive.org/static/js/toolbar.js?v=1494891701.0:19)

  phantomjs://platform/console++.js:263 in error
[ERROR - 2017-05-25T16:09:09.133Z] Session [6cdf0660-4164-11e7-8959-959b10762a41] - page.onError - msg: TypeError: undefined is not a function (evaluating 'Math.log1p(max)')

  phantomjs://platform/console++.js:263 in error
[ERROR - 2017-05-25T16:09:09.134Z] Session [6cdf0660-4164-11e7-8959-959b10762a41] - page.onError - stack:
  capturegraph_scale_is_required (https://web-beta.archive.org/static/js/graph-calc.js?v=1494891701.0:41)
  sparkline (https://web-beta.archive.org/static/js/graph-calc.js?v=1494891701.0:78)
  (anonymous function) (https://web-beta.archive.org/static/js/toolbar.js?v=1494891701.0:161)
  onreadystatechange (https://web-beta.archive.org/static/js/toolbar.js?v=1494891701.0:19)

  phantomjs://platform/console++.js:263 in error
[ERROR - 2017-05-25T16:09:37.081Z] Session [6cdf0660-4164-11e7-8959-959b10762a41] - page.onError - msg: TypeError: undefined is not a function (evaluating 'Math.log1p(max)')

  phantomjs://platform/console++.js:263 in error
[ERROR - 2017-05-25T16:09:37.081Z] Session [6cdf0660-4164-11e7-8959-959b10762a41] - page.onError - stack:
  capturegraph_scale_is_required (https://web-beta.archive.org/static/js/graph-calc.js?v=1494891701.0:41)
  sparkline (https://web-beta.archive.org/static/js/graph-calc.js?v=1494891701.0:78)
  (anonymous function) (https://web-beta.archive.org/static/js/toolbar.js?v=1494891701.0:161)
  onreadystatechange (https://web-beta.archive.org/static/js/toolbar.js?v=1494891701.0:19)

  phantomjs://platform/console++.js:263 in error
