Performing system checks...

June 02, 2017 - 15:10:13
Django version 1.11.1, using settings 'ia_scrapper.settings'
Starting development server at http://0.0.0.0:80/
Quit the server with CONTROL-C.
Performing system checks...

June 02, 2017 - 15:23:26
Django version 1.11.1, using settings 'ia_scrapper.settings'
Starting development server at http://0.0.0.0:80/
Quit the server with CONTROL-C.
Performing system checks...

June 02, 2017 - 15:27:56
Django version 1.11.1, using settings 'ia_scrapper.settings'
Starting development server at http://0.0.0.0:80/
Quit the server with CONTROL-C.
Performing system checks...

June 02, 2017 - 15:29:53
Django version 1.11.1, using settings 'ia_scrapper.settings'
Starting development server at http://0.0.0.0:80/
Quit the server with CONTROL-C.
Performing system checks...

June 21, 2017 - 15:53:36
Django version 1.11.1, using settings 'ia_scrapper.settings'
Starting development server at http://0.0.0.0:80/
Quit the server with CONTROL-C.
Performing system checks...

June 21, 2017 - 15:59:42
Django version 1.11.1, using settings 'ia_scrapper.settings'
Starting development server at http://0.0.0.0:80/
Quit the server with CONTROL-C.
